<?xml version="1.0" encoding="UTF-8"?>
<!-- Generated by org.testng.reporters.JUnitXMLReporter -->
<testsuite ignored="6" hostname="LAPTOP-D4RH5SI9" failures="0" tests="1" name="Default test" time="0.157" errors="0" timestamp="2024-01-01T23:35:53 GMT+05:30">
  <testcase classname="Practice.Pattern" name="pattern2" time="0.03"/>
  <testcase classname="Practice.Pattern" name="pattern5" time="0.0">
    <ignored/>
  </testcase> <!-- pattern5 -->
  <testcase classname="Practice.Pattern" name="pattern4" time="0.0">
    <ignored/>
  </testcase> <!-- pattern4 -->
  <testcase classname="Practice.Pattern" name="pattern7" time="0.0">
    <ignored/>
  </testcase> <!-- pattern7 -->
  <testcase classname="Practice.Pattern" name="pattern6" time="0.0">
    <ignored/>
  </testcase> <!-- pattern6 -->
  <testcase classname="Practice.Pattern" name="pattern1" time="0.0">
    <ignored/>
  </testcase> <!-- pattern1 -->
  <testcase classname="Practice.Pattern" name="pattern3" time="0.0">
    <ignored/>
  </testcase> <!-- pattern3 -->
</testsuite> <!-- Default test -->
