<?xml version="1.0" encoding="UTF-8"?>
<!-- Generated by org.testng.reporters.JUnitXMLReporter -->
<testsuite ignored="19" hostname="LAPTOP-D4RH5SI9" failures="0" tests="1" name="Default test" time="0.145" errors="0" timestamp="2023-12-11T17:55:00 GMT+05:30">
  <testcase classname="Practice.Arrays" name="add" time="0.019"/>
  <testcase classname="Practice.Arrays" name="maximumNumberWithoutUsingSort" time="0.0">
    <ignored/>
  </testcase> <!-- maximumNumberWithoutUsingSort -->
  <testcase classname="Practice.Arrays" name="occurenceOfNumberInArray" time="0.0">
    <ignored/>
  </testcase> <!-- occurenceOfNumberInArray -->
  <testcase classname="Practice.Arrays" name="sumOfFirst3MinimumNumbersAfterSorting" time="0.0">
    <ignored/>
  </testcase> <!-- sumOfFirst3MinimumNumbersAfterSorting -->
  <testcase classname="Practice.Arrays" name="occurenceOfNumberInArrayUsingMap" time="0.0">
    <ignored/>
  </testcase> <!-- occurenceOfNumberInArrayUsingMap -->
  <testcase classname="Practice.Arrays" name="missingNumbersFrom1To10" time="0.0">
    <ignored/>
  </testcase> <!-- missingNumbersFrom1To10 -->
  <testcase classname="Practice.Arrays" name="minimumNumberWithoutUsingSort" time="0.0">
    <ignored/>
  </testcase> <!-- minimumNumberWithoutUsingSort -->
  <testcase classname="Practice.Arrays" name="sumOfFirst3MaximumNumbersAfterSorting" time="0.0">
    <ignored/>
  </testcase> <!-- sumOfFirst3MaximumNumbersAfterSorting -->
  <testcase classname="Practice.Arrays" name="frequentlyRepeatedNumber" time="0.0">
    <ignored/>
  </testcase> <!-- frequentlyRepeatedNumber -->
  <testcase classname="Practice.Arrays" name="maxLengthWordUsingMap" time="0.0">
    <ignored/>
  </testcase> <!-- maxLengthWordUsingMap -->
  <testcase classname="Practice.Arrays" name="bubbleSortAscending" time="0.0">
    <ignored/>
  </testcase> <!-- bubbleSortAscending -->
  <testcase classname="Practice.Arrays" name="swapWithoutUsingThirdVariable" time="0.0">
    <ignored/>
  </testcase> <!-- swapWithoutUsingThirdVariable -->
  <testcase classname="Practice.Arrays" name="maxLengthWord" time="0.0">
    <ignored/>
  </testcase> <!-- maxLengthWord -->
  <testcase classname="Practice.Arrays" name="bubbleSortDescending" time="0.0">
    <ignored/>
  </testcase> <!-- bubbleSortDescending -->
  <testcase classname="Practice.Arrays" name="combinationOfNumbersWhoseSumIs11" time="0.0">
    <ignored/>
  </testcase> <!-- combinationOfNumbersWhoseSumIs11 -->
  <testcase classname="Practice.Arrays" name="sortCharacterUsingBubbleSort" time="0.0">
    <ignored/>
  </testcase> <!-- sortCharacterUsingBubbleSort -->
  <testcase classname="Practice.Arrays" name="firstMaximumNumberUsingBubbleSort" time="0.0">
    <ignored/>
  </testcase> <!-- firstMaximumNumberUsingBubbleSort -->
  <testcase classname="Practice.Arrays" name="frequentlyRepeatedNumbers" time="0.0">
    <ignored/>
  </testcase> <!-- frequentlyRepeatedNumbers -->
  <testcase classname="Practice.Arrays" name="swapUsingThirdVariable" time="0.0">
    <ignored/>
  </testcase> <!-- swapUsingThirdVariable -->
  <testcase classname="Practice.Arrays" name="firstMinimumNumberUsingBubbleSort" time="0.0">
    <ignored/>
  </testcase> <!-- firstMinimumNumberUsingBubbleSort -->
</testsuite> <!-- Default test -->
