<?xml version="1.0" encoding="UTF-8"?>
<testng-results ignored="19" total="20" passed="1" failed="0" skipped="0">
  <reporter-output>
  </reporter-output>
  <suite started-at="2023-12-11T17:55:00 GMT+05:30" name="Default suite" finished-at="2023-12-11T17:55:00 GMT+05:30" duration-ms="145">
    <groups>
    </groups>
    <test started-at="2023-12-11T17:55:00 GMT+05:30" name="Default test" finished-at="2023-12-11T17:55:00 GMT+05:30" duration-ms="145">
      <class name="Practice.Arrays">
        <test-method signature="add()[pri:0, instance:Practice.Arrays@7c7b252e]" started-at="2023-12-11T17:55:00 GMT+05:30" name="add" finished-at="2023-12-11T17:55:00 GMT+05:30" duration-ms="19" status="PASS">
          <reporter-output>
          </reporter-output>
        </test-method> <!-- add -->
      </class> <!-- Practice.Arrays -->
    </test> <!-- Default test -->
  </suite> <!-- Default suite -->
</testng-results>
