<?xml version="1.0" encoding="UTF-8"?>
<testng-results ignored="18" total="19" passed="1" failed="0" skipped="0">
  <reporter-output>
  </reporter-output>
  <suite started-at="2023-12-21T13:14:08 GMT+05:30" name="Default suite" finished-at="2023-12-21T13:14:08 GMT+05:30" duration-ms="488">
    <groups>
    </groups>
    <test started-at="2023-12-21T13:14:08 GMT+05:30" name="Default test" finished-at="2023-12-21T13:14:08 GMT+05:30" duration-ms="488">
      <class name="Practice.StringPrograms">
        <test-method signature="MyNameIsPrakash()[pri:0, instance:Practice.StringPrograms@7cc0cdad]" started-at="2023-12-21T13:14:08 GMT+05:30" name="MyNameIsPrakash" finished-at="2023-12-21T13:14:08 GMT+05:30" duration-ms="30" status="PASS">
          <reporter-output>
          </reporter-output>
        </test-method> <!-- MyNameIsPrakash -->
      </class> <!-- Practice.StringPrograms -->
    </test> <!-- Default test -->
  </suite> <!-- Default suite -->
</testng-results>
